0:100  0:100  MemLog inited, TSC freq: 2112762720
0:100  0:000  CPU was calibrated with RTC
0:100  0:000  
0:100  0:000  Now is 1.12.2019,  15:58:59 (GMT)
0:100  0:000  Starting Clover revision: 5098 (master, commit 58649391) on INSYDE Corp. EFI
0:100  0:000  Build with: [Args: -D NO_GRUB_DRIVERS_EMBEDDED -t GCC53 | -D NO_GRUB_DRIVERS_EMBEDDED --conf=/Users/sergey/src/Clover/Conf -D USE_LOW_EBDA -a X64 -b RELEASE -t GCC53 -n 5 | OS: 10.14.6]
0:100  0:000  SelfDevicePath=PciRoot(0x0)\Pci(0x17,0x0)\Sata(0x0,0x0,0x0)\HD(1,GPT,B8C6BFCE-B65D-486D-A5F0-C3AD7F42B8BE,0x800,0xC8000) @5B6F7F98
0:100  0:000  SelfDirPath = \EFI\BOOT
0:100  0:000  SimpleTextEx Status=Success
0:100  0:000  === [ Get Smbios ] ========================================
0:100  0:000  Type 16 Index = 0
0:100  0:000  Total Memory Slots Count = 2
0:100  0:000  Type 17 Index = 0
0:100  0:000  SmbiosTable.Type17->Speed = 2400MHz
0:100  0:000  SmbiosTable.Type17->Size = 4096MB
0:100  0:000  SmbiosTable.Type17->Bank/Device = BANK 0 ChannelA-DIMM0
0:100  0:000  SmbiosTable.Type17->Vendor = Ramaxel
0:100  0:000  SmbiosTable.Type17->SerialNumber = 11AB4641
0:100  0:000  SmbiosTable.Type17->PartNumber = RMSA3270ME86H9F-2666
0:100  0:000  Type 17 Index = 1
0:100  0:000  SmbiosTable.Type17->Speed = 2400MHz
0:100  0:000  SmbiosTable.Type17->Size = 4096MB
0:100  0:000  SmbiosTable.Type17->Bank/Device = BANK 2 ChannelB-DIMM0
0:100  0:000  SmbiosTable.Type17->Vendor = Samsung
0:100  0:000  SmbiosTable.Type17->SerialNumber = 00000000
0:100  0:000  SmbiosTable.Type17->PartNumber = M471A5244CB0-CTD    
0:100  0:000  Boot status=0
0:100  0:000  Running on: '81NG' with board 'LNVNB161216'
0:101  0:000  === [ GetCPUProperties ] ==================================
0:101  0:000  CPU Vendor = 756E6547 Model=806EC
0:101  0:000   The CPU supported SSE4.1
0:101  0:000  BrandString = Intel(R) Core(TM) i5-10210U CPU @ 1.60GHz
0:101  0:000   The CPU supported turbo
0:101  0:000  MSR 0x35               40008
0:101  0:000   TSC/CCC Information Leaf:
0:101  0:000    numerator     : 176
0:101  0:000    denominator   : 2
0:101  0:000   Calibrated ARTFrequency: 24008667
0:101  0:000   Rounded ARTFrequency: 24000000
0:101  0:000  MSR 0xE2 before patch 1E008008
0:101  0:000  MSR 0xE2 is locked, PM patches will be turned on
0:101  0:000  MSR 0xCE              0004043D_F1011500
0:101  0:000  corrected FLEX_RATIO = 0
0:101  0:000  MSR 0x1B0             00000000
0:101  0:000  FSBFrequency = 76 MHz, DMI FSBFrequency = 100 MHz, Corrected FSBFrequency = 100 MHz
0:101  0:000  MaxDiv/MinDiv: 21.0/4
0:101  0:000  Turbo: 39/39/41/42
0:101  0:000  Features: 0xBFEBFBFF
0:101  0:000  Threads: 8
0:101  0:000  Cores: 4
0:101  0:000  FSB: 100 MHz
0:101  0:000  CPU: 1584 MHz
0:101  0:000  TSC: 1584 MHz
0:101  0:000  PIS: 100 MHz
0:101  0:000  ExternalClock: 25 MHz
0:101  0:000  === [ GetDevices ] ========================================
0:101  0:000  GOP found at: PciRoot(0x0)/Pci(0x2,0x0)/AcpiAdr(0x80011400)
0:101  0:000  PCI (00|00:00.00) : 8086 9B61 class=060000
0:101  0:000  PCI (00|00:02.00) : 8086 9B41 class=030000
0:101  0:000   - GOP: Provided by device
0:101  0:000   - GFX: Model=Intel UHD Graphics 620 (Intel)
0:101  0:000  PCI (00|00:04.00) : 8086 1903 class=118000
0:101  0:000  PCI (00|00:08.00) : 8086 1911 class=088000
0:101  0:000  PCI (00|00:12.00) : 8086 02F9 class=118000
0:101  0:000  PCI (00|00:14.00) : 8086 02ED class=0C0330
0:101  0:000  PCI (00|00:14.02) : 8086 02EF class=050000
0:101  0:000  PCI (00|00:14.03) : 8086 02F0 class=028000
0:101  0:000   - WIFI: Vendor=Intel
0:101  0:000  PCI (00|00:15.00) : 8086 02E8 class=0C8000
0:101  0:000  PCI (00|00:16.00) : 8086 02E0 class=078000
0:101  0:000  PCI (00|00:17.00) : 8086 02D3 class=010601
0:101  0:000  PCI (00|00:1C.00) : 8086 02BB class=060400
0:101  0:000  PCI (00|01:00.00) : 1217 8621 class=080501
0:101  0:000  PCI (00|00:1C.04) : 8086 02BC class=060400
0:101  0:000  PCI (00|02:00.00) : 10DE 1D13 class=030200
0:101  0:000  PCI (00|00:1D.00) : 8086 02B4 class=060400
0:101  0:000  PCI (00|03:00.00) : 1344 5410 class=010802
0:101  0:000  PCI (00|00:1F.00) : 8086 0284 class=060100
0:101  0:000  PCI (00|00:1F.03) : 8086 02C8 class=040380
0:101  0:000  PCI (00|00:1F.05) : 8086 02A4 class=0C8000
0:101  0:000  === [ GetDefaultSettings ] ================================
0:101  0:000  Clover load options size = 0 bytes
0:105  0:003  EFI\CLOVER\config.plist loaded: Success
0:105  0:000  === [ GetListOfThemes ] ===================================
0:105  0:000  - [00]: BGM
0:107  0:001  - [01]: embedded
0:107  0:000  - [01]: random
0:108  0:000  - [01]: mac_default_V
0:111  0:002  - [02]: Hackintosh_ID
0:112  0:001  - [03]: Catalina
0:113  0:001  - [04]: SimpleThemeDark
0:114  0:000  === [ Found config plists ] ===============================
0:114  0:000  - config.plist
0:114  0:000  === [ GetEarlyUserSettings ] ==============================
0:114  0:000  timeout set to 5
0:114  0:000  Custom boot CUSTOM_BOOT_DISABLED (0x0)
0:114  0:000  ForceKextsToLoad: 1 requested
0:114  0:000   - [0]: System\Library\Extensions\IONetworkingFamily.kext
0:114  0:000  KextsToPatch: 7 requested
0:114  0:000   - [00]: AppleIntelBDWGraphicsFramebuffer (DVMT for AppleIntelBDWGraphicsFramebuffer (Credits DalianSky) for 10.14.x) :: MatchOS: 10.14.x :: BinPatch :: data len: 5
0:114  0:000   - [01]: AppleIntelSKLGraphicsFramebuffer (DVMT for AppleIntelSKLGraphicsFramebuffer﻿ (Credits DalianSky) for 10.14.x) :: MatchOS: 10.14.x :: BinPatch :: data len: 5
0:114  0:000   - [02]: AppleIntelKBLGraph﻿icsFramebuffer﻿﻿﻿ (DVMT for AppleIntelKBLGraphicsFramebuffer﻿ (Credits DalianSky) for 10.14.x) :: MatchOS: 10.14.x :: BinPatch :: data len: 5
0:114  0:000   - [03]: AppleIntelCFLGraphicsFramebuffer (DVMT for AppleIntelCFLGraphicsFramebuffer﻿ (Credits DalianSky) for 10.14.x) :: MatchOS: 10.14.x :: BinPatch :: data len: 5
0:114  0:000   - [04]: AppleIntelCFLGraphicsFramebuffer (DVMT for AppleIntelCFLGraphicsFramebuffer﻿ (Credits DalianSky) for 10.14.x) :: MatchOS: 10.14.x :: BinPatch :: data len: 5
0:114  0:000   - [05]: com.apple.driver.AppleIntelLpssI2C (Prevent Apple I2C kexts from attaching to I2C controllers, credit CoolStar) :: PlistPatch :: data len: 5
0:114  0:000   - [06]: com.apple.driver.AppleIntelLpssI2CController (Prevent Apple I2C kexts from attaching to I2C controllers, credit CoolStar) :: PlistPatch :: data len: 5
0:114  0:000  KernelToPatch: 3 requested
0:114  0:000   - [00]: MSR 0xE2 _xcpm_idle instant reboot(c) Pike R. Alpha :: data len: 8
0:114  0:000   - [01]: Disable panic kext logging on 10.13 release kernel (credit vit9696) :: MatchOS: 10.13.x :: data len: 6
0:114  0:000   - [02]: Disable panic kext logging on 10.14 release kernel (credit vit9696) :: MatchOS: 10.14.x :: data len: 6
0:114  0:000  Default theme: Catalina
0:114  0:000  Hiding entries with string Preboot
0:114  0:000  === [ LoadDrivers ] =======================================
0:116  0:001  Loading ApfsDriverLoader.efi  status=Success
0:117  0:001   - driver needs connecting
0:117  0:000  Loading AppleImageCodec.efi  status=Success
0:118  0:000  Loading EmuVariableUefi.efi  status=Success
0:119  0:001  EmuVariableUefi Initialize: VariableCommonInitialize = Success, orig services stored, install gEmuVariableControlProtocolGuid = Success
0:120  0:000  Loading FirmwareVolume.efi  status=Success
0:121  0:001  Loading HashServiceFix.efi  status=Success
0:122  0:000  Loading HFSPlus.efi  status=Success
0:123  0:000   - driver needs connecting
0:123  0:000  Loading AppleKeyAggregator.efi  status=Success
0:124  0:001  Loading AppleKeyFeeder.efi  status=Success
0:125  0:000  Loading AppleUITheme.efi  status=Success
0:127  0:001  Loading AptioMemoryFix.efi  status=Success
0:128  0:001  Loading AudioDxe.efi  status=Success
0:130  0:001   - driver needs connecting
0:130  0:000  Loading VirtualSmc.efi  status=Success
0:132  0:002  3 drivers needs connecting ...
0:132  0:000  PlatformDriverOverrideProtocol->GetDriver overriden
0:132  0:000  HFS+ driver loaded
0:132  0:000  APFS driver loaded
0:132  0:000  Searching for invalid DiskIo BY_DRIVER connects: not found, all ok
4:597  4:464  EmuVariable InstallEmulation: orig vars copied, emu.var.services installed, CreateEvent VirtualAddressChange = Success, CreateEvent ExitBootServices = Success, set Status=Success
4:612  0:015  === [ InitScreen ] ========================================
4:612  0:000  Console modes reported: 7, available modes:
4:612  0:000   - [01]: 80x25
4:612  0:000   - [02]: 80x50
4:612  0:000   - [03]: 80x25
4:612  0:000   - [04]: 240x56 (current mode)
4:612  0:000   - [05]: 100x31
4:612  0:000   - [06]: 128x40
4:612  0:000   - [07]: 160x53
4:612  0:000  SetScreenResolution: 1920x1080 - already set
4:613  0:000  SetScreenResolution: 1920x1080 - already set
4:613  0:000  reinit: self device path=PciRoot(0x0)\Pci(0x17,0x0)\Sata(0x0,0x0,0x0)\HD(1,GPT,B8C6BFCE-B65D-486D-A5F0-C3AD7F42B8BE,0x800,0xC8000)
4:615  0:002  Using embedded font: Success
4:616  0:000  === [ GetMacAddress ] =====================================
4:616  0:000  === [ ScanSPD ] ===========================================
4:616  0:000  === [ GetAcpiTablesList ] =================================
4:616  0:000  Get Acpi Tables List from RSDT:
4:616  0:000   - [00]: FACP  CB-01    len=268
4:616  0:000   - [01]: UEFI  CB-01    len=566
4:616  0:000   - [02]: SSDT  CB-01    len=26553
4:616  0:000   - [03]: SSDT  CB-01    len=6986
4:616  0:000   - [04]: SSDT  CB-01    len=12895
4:616  0:000   - [05]: MSDM  CB-01    len=85
4:616  0:000   - [06]: LPIT  CB-01    len=148
4:616  0:000   - [07]: WSMT  CB-01    len=40
4:616  0:000   - [08]: SSDT  CB-01    len=2928
4:616  0:000   - [09]: SSDT  CB-01    len=5279
4:616  0:000   - [10]: DBGP  CB-01    len=52
4:616  0:000   - [11]: DBG2  CB-01    len=84
4:616  0:000   - [12]: SSDT  CB-01    len=12910
4:616  0:000   - [13]: NHLT  CB-01    len=45
4:616  0:000   - [14]: ECDT  CB-01    len=105
4:616  0:000   - [15]: HPET  CB-01    len=56
4:616  0:000   - [16]: APIC  CB-01    len=356
4:616  0:000   - [17]: MCFG  CB-01    len=60
4:616  0:000   - [18]: SSDT  CB-01    len=4728
4:616  0:000   - [19]: DMAR  EDK2     len=168
4:616  0:000   - [20]: SSDT  NvdTable len=12390
4:616  0:000   - [21]: SSDT  SgRpSsdt len=3902
4:616  0:000   - [22]: SSDT  PcdTabl len=356
4:616  0:000   - [23]: SSDT  AhciTabl len=92
4:616  0:000   - [24]: FPDT  CML-ULT len=68
4:616  0:000   - [25]: BGRT  H2O BIOS len=56
4:616  0:000  Calibrated TSC Frequency = 2112762720 = 2112MHz
4:617  0:000  === [ GetUserSettings ] ===================================
4:617  0:000  Add 2 devices:
4:617  0:000  Add 1 devices:
4:617  0:000   - [00]: [01:00.00]  (SDXC reader - RP01)
4:617  0:000  USB FixOwnership: yes
4:617  0:000  Dropping 3 tables:
4:617  0:000   - [00]: Drop table  signature="#MCF" (46434D23)
4:617  0:000           - set table: 46434D23,                0 to drop: no
4:617  0:000   - [01]: Drop table  signature="DMAR" (52414D44)
4:617  0:000           - set table: 52414D44,                0 to drop: yes
4:617  0:000   - [02]: Drop table  signature="SSDT" (54445353) table-id="xh_rvp10" (30317076725F6878)
4:617  0:000           - set table: 54445353, 30317076725F6878 to drop: no
4:617  0:000   - final DSDT Fix mask=00000000
4:617  0:000  PatchesDSDT: 6 requested
4:617  0:000   - [00]: (change HDAS to HDEF) lenToFind: 4, lenToReplace: 4, Target Bridge: <null string>
4:617  0:000   - [01]: (change HECI to IMEI) lenToFind: 4, lenToReplace: 4, Target Bridge: <null string>
4:617  0:000   - [02]: (change MEI to IMEI) lenToFind: 4, lenToReplace: 4, Target Bridge: <null string>
4:617  0:000   - [03]: (change GFX0 to IGPU) lenToFind: 4, lenToReplace: 4, Target Bridge: <null string>
4:617  0:000   - [04]: (change Method(GPRW,2,N) to XPRW, pair with SSDT-GPRW.aml) lenToFind: 5, lenToReplace: 5, Target Bridge: <null string>
4:617  0:000   - [05]: (change _OSI to XOSI, pair with SSDT-XOSI.aml) lenToFind: 4, lenToReplace: 4, Target Bridge: <null string>
4:617  0:000  Using ProductName from config: MacBookPro15,4
4:617  0:000  Using latest BiosVersion from config
4:617  0:000  BiosVersion: MBP154.88Z.F000.B00.1911080307
4:617  0:000  BiosReleaseDate: 11/08/2019
4:617  0:000  Using latest EfiVersion from config: 1037.60.55.0.0
4:617  0:000  Using FirmwareFeatures from config: 0xFC0FE137
4:617  0:000  Using FirmwareFeaturesMask from config: 0xFF1FFF3F
4:617  0:000  Board-ID set from config as Mac-53FDB3D8DB8CA971
4:617  0:000  BoardType: 0xA
4:617  0:000  ChassisType: 0x9
4:618  0:001  === [ Found DSDT tables ] =================================
4:619  0:000  - DSDT.aml
5:123  0:504  === [ ScanVolumes ] =======================================
5:123  0:000  Found 16 volumes with blockIO
5:123  0:000  - [00]: Volume: PciRoot(0x0)\Pci(0x1D,0x0)\Pci(0x0,0x0)\NVMe(0x1,5E-A8-68-23-01-75-A0-00)
5:123  0:000  - [01]: Volume: PciRoot(0x0)\Pci(0x1D,0x0)\Pci(0x0,0x0)\NVMe(0x1,5E-A8-68-23-01-75-A0-00)\HD(1,GPT,8A9C6797-21B5-4DA4-9DE4-89AF824C0CAC,0x800,0x82000)
5:124  0:000          Result of bootcode detection: bootable Windows (vista,win)
5:124  0:000  - [02]: Volume: PciRoot(0x0)\Pci(0x1D,0x0)\Pci(0x0,0x0)\NVMe(0x1,5E-A8-68-23-01-75-A0-00)\HD(2,GPT,008969C7-ACB7-4CB6-BDED-9E50390E3F25,0x82800,0x8000)
5:124  0:000  - [03]: Volume: PciRoot(0x0)\Pci(0x1D,0x0)\Pci(0x0,0x0)\NVMe(0x1,5E-A8-68-23-01-75-A0-00)\HD(3,GPT,D62C9960-BDF3-46CC-960A-A32521C58F51,0x8A800,0xC800000)
5:124  0:000          Result of bootcode detection: bootable Windows (vista,win)
5:124  0:000  - [04]: Volume: PciRoot(0x0)\Pci(0x1D,0x0)\Pci(0x0,0x0)\NVMe(0x1,5E-A8-68-23-01-75-A0-00)\HD(4,GPT,0000305D-8D00-754C-9CDC-DD0DBA600000,0xC88C000,0x6A93D000)
5:125  0:000          Result of bootcode detection: bootable Windows (win)
5:125  0:000  - [05]: Volume: PciRoot(0x0)\Pci(0x1D,0x0)\Pci(0x0,0x0)\NVMe(0x1,5E-A8-68-23-01-75-A0-00)\HD(5,GPT,E3280B66-ADB6-49D7-B915-5DAE01C30CBD,0x771C9000,0x1F4000)
5:125  0:000          Result of bootcode detection: bootable Windows (vista,win)
5:125  0:000  - [06]: Volume: PciRoot(0x0)\Pci(0x17,0x0)\Sata(0x0,0x0,0x0)
5:125  0:000          Result of bootcode detection: bootable unknown (legacy)
5:125  0:000  - [07]: Volume: PciRoot(0x0)\Pci(0x17,0x0)\Sata(0x0,0x0,0x0)\HD(1,GPT,B8C6BFCE-B65D-486D-A5F0-C3AD7F42B8BE,0x800,0xC8000)
5:125  0:000          Result of bootcode detection: bootable Windows (vista,win)
5:126  0:000          This is SelfVolume !!
5:126  0:000  - [08]: Volume: PciRoot(0x0)\Pci(0x17,0x0)\Sata(0x0,0x0,0x0)\HD(2,GPT,02732823-DBA9-4DC2-9D5B-0D157DEACAC3,0xC8800,0x40000)
5:126  0:000  - [09]: Volume: PciRoot(0x0)\Pci(0x17,0x0)\Sata(0x0,0x0,0x0)\HD(3,GPT,83403C79-DC65-4126-87A3-8E7EBEF1F9E4,0x108800,0x6734000)
5:126  0:000          Result of bootcode detection: bootable unknown (legacy)
5:126  0:000  - [10]: Volume: PciRoot(0x0)\Pci(0x17,0x0)\Sata(0x0,0x0,0x0)\HD(4,GPT,DAAE00FB-6483-4EE0-8D01-4E55E4464FC9,0x683C800,0x33B49808)
5:126  0:000          Result of bootcode detection: bootable unknown (legacy)
5:127  0:000  - [11]: Volume: PciRoot(0x0)\Pci(0x17,0x0)\Sata(0x0,0x0,0x0)\HD(4,GPT,DAAE00FB-6483-4EE0-8D01-4E55E4464FC9,0x683C800,0x33B49808)\VenMedia(BE74FCF7-0B7C-49F3-9147-01F4042E6842,3EBF83F5917CA24692F027CA90CF0EE6)
5:127  0:000          hiding this volume
5:127  0:000  - [12]: Volume: PciRoot(0x0)\Pci(0x17,0x0)\Sata(0x0,0x0,0x0)\HD(4,GPT,DAAE00FB-6483-4EE0-8D01-4E55E4464FC9,0x683C800,0x33B49808)\VenMedia(BE74FCF7-0B7C-49F3-9147-01F4042E6842,5E95511468A7A33EA6CAFB7653581B72)
5:127  0:000  - [13]: Volume: PciRoot(0x0)\Pci(0x17,0x0)\Sata(0x0,0x0,0x0)\HD(4,GPT,DAAE00FB-6483-4EE0-8D01-4E55E4464FC9,0x683C800,0x33B49808)\VenMedia(BE74FCF7-0B7C-49F3-9147-01F4042E6842,3B809C9E4F080045B0DF5DB117738DE9)
5:127  0:000  - [14]: Volume: PciRoot(0x0)\Pci(0x17,0x0)\Sata(0x0,0x0,0x0)\HD(4,GPT,DAAE00FB-6483-4EE0-8D01-4E55E4464FC9,0x683C800,0x33B49808)\VenMedia(BE74FCF7-0B7C-49F3-9147-01F4042E6842,A817C107834FC34B982655260A516E40)
5:127  0:000  - [15]: Volume: PciRoot(0x0)\Pci(0x17,0x0)\Sata(0x0,0x0,0x0)\HD(4,GPT,DAAE00FB-6483-4EE0-8D01-4E55E4464FC9,0x683C800,0x33B49808)\VenMedia(BE74FCF7-0B7C-49F3-9147-01F4042E6842,DF8AFC40A534CF49B14AD87AF6E19AD3)
5:127  0:000  PutNvramPlistToRtVars: nvram.plist not found
5:127  0:000  found 2 handles with audio
5:127  0:000  No AudioIoDevice stored
5:127  0:000  no stored audio parameters
5:127  0:000  === [ InitTheme ] =========================================
5:127  0:000  use daylight theme
5:135  0:007  Using theme 'Catalina' (EFI\CLOVER\themes\Catalina)
5:135  0:000  OS main and drive as badge
5:138  0:002    Channels: 1  Sample rate: 44100 Hz  Bits: 16
5:138  0:000  output to channel 0 with volume 70, len=228736
5:138  0:000   sound channels=1 bits=16 freq=44100
5:138  0:000  not found AudioIo to play
5:138  0:000  free sound
5:138  0:000  sound play end with status=Not Found
5:139  0:001  Loading font from ThemeDir: Success
5:140  0:000  theme inited
5:140  0:000  Chosen theme Catalina
5:140  0:000  after NVRAM boot-args=dart=0 -v alcid=18
5:140  0:000  === [ Dump SMC keys from NVRAM ] ==========================
5:140  0:000  found AppleSMC protocol
5:140  0:000  === [ AddCustomEntries ] ==================================
5:140  0:000  Custom entry 0 Title:"Recovery" Path:"\com.apple.recovery.boot\boot.efi" Type:10 Flags:0x2 matching all volumes
5:140  0:000      Checking volume "SYSTEM_DRV" (PciRoot(0x0)\Pci(0x1D,0x0)\Pci(0x0,0x0)\NVMe(0x1,5E-A8-68-23-01-75-A0-00)\HD(1,GPT,8A9C6797-21B5-4DA4-9DE4-89AF824C0CAC,0x800,0x82000)) ... skipped because path does not exist
5:140  0:000      Checking volume "EFI" (PciRoot(0x0)\Pci(0x17,0x0)\Sata(0x0,0x0,0x0)\HD(1,GPT,B8C6BFCE-B65D-486D-A5F0-C3AD7F42B8BE,0x800,0xC8000)) ... skipped because path does not exist
5:140  0:000      Checking volume "Preboot" (PciRoot(0x0)\Pci(0x17,0x0)\Sata(0x0,0x0,0x0)\HD(4,GPT,DAAE00FB-6483-4EE0-8D01-4E55E4464FC9,0x683C800,0x33B49808)\VenMedia(BE74FCF7-0B7C-49F3-9147-01F4042E6842,3EBF83F5917CA24692F027CA90CF0EE6)) ... skipped because volume is hidden
5:140  0:000      Checking volume "OSX - Data" (PciRoot(0x0)\Pci(0x17,0x0)\Sata(0x0,0x0,0x0)\HD(4,GPT,DAAE00FB-6483-4EE0-8D01-4E55E4464FC9,0x683C800,0x33B49808)\VenMedia(BE74FCF7-0B7C-49F3-9147-01F4042E6842,5E95511468A7A33EA6CAFB7653581B72)) ... skipped because path does not exist
5:140  0:000      Checking volume "Recovery" (PciRoot(0x0)\Pci(0x17,0x0)\Sata(0x0,0x0,0x0)\HD(4,GPT,DAAE00FB-6483-4EE0-8D01-4E55E4464FC9,0x683C800,0x33B49808)\VenMedia(BE74FCF7-0B7C-49F3-9147-01F4042E6842,3B809C9E4F080045B0DF5DB117738DE9)) ... skipped because path does not exist
5:140  0:000      Checking volume "VM" (PciRoot(0x0)\Pci(0x17,0x0)\Sata(0x0,0x0,0x0)\HD(4,GPT,DAAE00FB-6483-4EE0-8D01-4E55E4464FC9,0x683C800,0x33B49808)\VenMedia(BE74FCF7-0B7C-49F3-9147-01F4042E6842,A817C107834FC34B982655260A516E40)) ... skipped because path does not exist
5:140  0:000      Checking volume "OSX" (PciRoot(0x0)\Pci(0x17,0x0)\Sata(0x0,0x0,0x0)\HD(4,GPT,DAAE00FB-6483-4EE0-8D01-4E55E4464FC9,0x683C800,0x33B49808)\VenMedia(BE74FCF7-0B7C-49F3-9147-01F4042E6842,DF8AFC40A534CF49B14AD87AF6E19AD3)) ... skipped because path does not exist
5:140  0:000  Custom entry 1 Title:"Windows" Path:"\EFI\Microsoft\Boot\bootmgfw.efi" Options:"-s -h" Type:7 Flags:0x0 matching all volumes
5:140  0:000      Checking volume "SYSTEM_DRV" (PciRoot(0x0)\Pci(0x1D,0x0)\Pci(0x0,0x0)\NVMe(0x1,5E-A8-68-23-01-75-A0-00)\HD(1,GPT,8A9C6797-21B5-4DA4-9DE4-89AF824C0CAC,0x800,0x82000)) ... match!
5:144  0:003  Custom settings: <null string>.plist will  be applied
5:144  0:000      Checking volume "EFI" (PciRoot(0x0)\Pci(0x17,0x0)\Sata(0x0,0x0,0x0)\HD(1,GPT,B8C6BFCE-B65D-486D-A5F0-C3AD7F42B8BE,0x800,0xC8000)) ... skipped because path does not exist
5:144  0:000      Checking volume "Preboot" (PciRoot(0x0)\Pci(0x17,0x0)\Sata(0x0,0x0,0x0)\HD(4,GPT,DAAE00FB-6483-4EE0-8D01-4E55E4464FC9,0x683C800,0x33B49808)\VenMedia(BE74FCF7-0B7C-49F3-9147-01F4042E6842,3EBF83F5917CA24692F027CA90CF0EE6)) ... skipped because volume is hidden
5:144  0:000      Checking volume "OSX - Data" (PciRoot(0x0)\Pci(0x17,0x0)\Sata(0x0,0x0,0x0)\HD(4,GPT,DAAE00FB-6483-4EE0-8D01-4E55E4464FC9,0x683C800,0x33B49808)\VenMedia(BE74FCF7-0B7C-49F3-9147-01F4042E6842,5E95511468A7A33EA6CAFB7653581B72)) ... skipped because path does not exist
5:144  0:000      Checking volume "Recovery" (PciRoot(0x0)\Pci(0x17,0x0)\Sata(0x0,0x0,0x0)\HD(4,GPT,DAAE00FB-6483-4EE0-8D01-4E55E4464FC9,0x683C800,0x33B49808)\VenMedia(BE74FCF7-0B7C-49F3-9147-01F4042E6842,3B809C9E4F080045B0DF5DB117738DE9)) ... skipped because path does not exist
5:144  0:000      Checking volume "VM" (PciRoot(0x0)\Pci(0x17,0x0)\Sata(0x0,0x0,0x0)\HD(4,GPT,DAAE00FB-6483-4EE0-8D01-4E55E4464FC9,0x683C800,0x33B49808)\VenMedia(BE74FCF7-0B7C-49F3-9147-01F4042E6842,A817C107834FC34B982655260A516E40)) ... skipped because path does not exist
5:144  0:000      Checking volume "OSX" (PciRoot(0x0)\Pci(0x17,0x0)\Sata(0x0,0x0,0x0)\HD(4,GPT,DAAE00FB-6483-4EE0-8D01-4E55E4464FC9,0x683C800,0x33B49808)\VenMedia(BE74FCF7-0B7C-49F3-9147-01F4042E6842,DF8AFC40A534CF49B14AD87AF6E19AD3)) ... skipped because path does not exist
5:144  0:000  === [ ScanLoader ] ========================================
5:144  0:000  - [01]: 'SYSTEM_DRV'
5:144  0:000          AddLoaderEntry for Volume Name=SYSTEM_DRV
5:144  0:000       skipped because path `PciRoot(0x0)\Pci(0x1D,0x0)\Pci(0x0,0x0)\NVMe(0x1,5E-A8-68-23-01-75-A0-00)\HD(1,GPT,8A9C6797-21B5-4DA4-9DE4-89AF824C0CAC,0x800,0x82000)\EFI\microsoft\Boot\bootmgfw.efii` already exists for another entry!
5:177  0:032          AddLoaderEntry for Volume Name=SYSTEM_DRV
5:177  0:000          skipped because entry is hidden
5:177  0:000  - [07]: 'EFI'
5:206  0:028          AddLoaderEntry for Volume Name=EFI
5:206  0:000          skipped because entry is hidden
5:206  0:000  - [11]: 'Preboot', hidden
5:206  0:000  - [12]: 'OSX - Data'
5:232  0:026  - [13]: 'Recovery'
5:233  0:000          AddLoaderEntry for Volume Name=Recovery
5:262  0:029  - [14]: 'VM'
5:286  0:023  - [15]: 'OSX'
5:294  0:008          AddLoaderEntry for Volume Name=OSX
5:296  0:001      hibernated: set as never
5:323  0:026  === [ AddCustomTool ] =====================================
5:324  0:001  found tool \EFI\CLOVER\tools\Shell64U.efi
5:324  0:000  Checking EFI partition Volume 1 for Clover
5:325  0:000  Checking EFI partition Volume 7 for Clover
5:325  0:000   Found Clover
5:326  0:000  EmuVariable UninstallEmulation: CloseEvent = Success, original var services restored
5:328  0:002  EmuVariable InstallEmulation: orig vars copied, emu.var.services installed, CreateEvent VirtualAddressChange = Success, CreateEvent ExitBootServices = Success, set Status=Success
5:344  0:015  === [ GetEfiBootDeviceFromNvram ] =========================
5:344  0:000   - efi-boot-device-data: PciRoot(0x0)\Pci(0x14,0x0)\USB(0x6,0x0)\HD(2,GPT,66064FF6-DF23-46E9-9915-EA20455BE388,0x64028,0x3911FB0)\System\Library\CoreServices\boot.efii
5:344  0:000    - Volume: 'PciRoot(0x0)\Pci(0x14,0x0)\USB(0x6,0x0)\HD(2,GPT,66064FF6-DF23-46E9-9915-EA20455BE388,0x64028,0x3911FB0)'
5:344  0:000    - LoaderPath: '\System\Library\CoreServices\boot.efi'
5:344  0:000    - Guid = 66064FF6-DF23-46E9-9915-EA20455BE388
5:344  0:000  === [ FindStartupDiskVolume ] =============================
5:344  0:000    - Volume: partition = PciRoot(0x0)\Pci(0x14,0x0)\USB(0x6,0x0)\HD(2,GPT,66064FF6-DF23-46E9-9915-EA20455BE388,0x64028,0x3911FB0)
5:344  0:000     - searching for that partition and loader '\System\Library\CoreServices\boot.efi'
5:344  0:000      - [!] not found
5:344  0:000     - searching again, but comparing Media dev path nodes
5:344  0:000      - [!] not found
5:344  0:000     - searching for that partition
5:344  0:000      - [!] not found
5:344  0:000     - searching again, but comparing Media dev path nodes
5:344  0:000      - [!] not found
5:344  0:000  Default boot entry not found
5:344  0:000  EmuVariable UninstallEmulation: CloseEvent = Success, original var services restored
5:344  0:000  DefaultIndex=-1 and MainMenu.EntryCount=9
5:557  0:213  GUI ready
16:573  11:016  exit from MainMenu 1
73:080  56:506  exit from MainMenu 7
91:447  18:367  open 0 audio handle status=Success
91:447  0:000  got embedded sound
91:447  0:000    Channels: 2  Sample rate: 8000 Hz  Bits: 16
91:447  0:000  output to channel 0 with volume 70, len=25600
91:447  0:000   sound channels=2 bits=16 freq=8000
91:448  0:000  sound converted to 48kHz
92:788  1:340  sound play end with status=Success
92:990  0:201  open 0 audio handle status=Success
92:990  0:000  got embedded sound
92:990  0:000    Channels: 2  Sample rate: 8000 Hz  Bits: 16
92:990  0:000  output to channel 0 with volume 70, len=25600
92:990  0:000   sound channels=2 bits=16 freq=8000
92:990  0:000  sound converted to 48kHz
94:230  1:240  sound play end with status=Success
94:230  0:000  open 0 audio handle status=Success
94:230  0:000  got embedded sound
94:230  0:000    Channels: 2  Sample rate: 8000 Hz  Bits: 16
94:230  0:000  output to channel 0 with volume 70, len=25600
94:230  0:000   sound channels=2 bits=16 freq=8000
94:231  0:000  sound converted to 48kHz
95:471  1:240  sound play end with status=Success
95:694  0:222  exit from MainMenu 7
118:569  22:874  exit from MainMenu 1
147:092  28:523  exit from MainMenu 1
147:092  0:000  BootVariable of the entry is empty
147:092  0:000  === [ StartLoader ] =======================================
147:092  0:000  Finally: ExternalClock=26MHz BusSpeed=100608kHz CPUFreq=2113MHz PIS: hw.busfrequency=104000000Hz
147:093  0:000  Loading boot.efi  status=Success
147:128  0:035  GetOSVersion: 10.15.1 (19B88)
147:128  0:000  CSR_CFG: CSR_ALLOW_UNTRUSTED_KEXTS | CSR_ALLOW_UNRESTRICTED_FS | CSR_ALLOW_TASK_FOR_PID | CSR_ALLOW_UNRESTRICTED_DTRACE | CSR_ALLOW_UNRESTRICTED_NVRAM
147:128  0:000  Filtering KextPatches:
147:128  0:000   - [00]: AppleIntelBDWGraphicsFramebuffer (DVMT for AppleIntelBDWGraphicsFramebuffer (Credits DalianSky) for 10.14.x) :: BinPatch :: [OS: 10.15.1 | MatchOS: 10.14.x | MatchBuild: All] ==> not allowed
147:128  0:000   - [01]: AppleIntelSKLGraphicsFramebuffer (DVMT for AppleIntelSKLGraphicsFramebuffer﻿ (Credits DalianSky) for 10.14.x) :: BinPatch :: [OS: 10.15.1 | MatchOS: 10.14.x | MatchBuild: All] ==> not allowed
147:128  0:000   - [02]: AppleIntelKBLGraph﻿icsFramebuffer﻿﻿﻿ (DVMT for AppleIntelKBLGraphicsFramebuffer﻿ (Credits DalianSky) for 10.14.x) :: BinPatch :: [OS: 10.15.1 | MatchOS: 10.14.x | MatchBuild: All] ==> not allowed
147:128  0:000   - [03]: AppleIntelCFLGraphicsFramebuffer (DVMT for AppleIntelCFLGraphicsFramebuffer﻿ (Credits DalianSky) for 10.14.x) :: BinPatch :: [OS: 10.15.1 | MatchOS: 10.14.x | MatchBuild: All] ==> not allowed
147:128  0:000   - [04]: AppleIntelCFLGraphicsFramebuffer (DVMT for AppleIntelCFLGraphicsFramebuffer﻿ (Credits DalianSky) for 10.14.x) :: BinPatch :: [OS: 10.15.1 | MatchOS: 10.14.x | MatchBuild: All] ==> not allowed
147:128  0:000   - [05]: com.apple.driver.AppleIntelLpssI2C (Prevent Apple I2C kexts from attaching to I2C controllers, credit CoolStar) :: PlistPatch :: [OS: 10.15.1 | MatchOS: All | MatchBuild: All] ==> allowed
147:128  0:000   - [06]: com.apple.driver.AppleIntelLpssI2CController (Prevent Apple I2C kexts from attaching to I2C controllers, credit CoolStar) :: PlistPatch :: [OS: 10.15.1 | MatchOS: All | MatchBuild: All] ==> allowed
147:128  0:000  Filtering KernelPatches:
147:128  0:000   - [00]: MSR 0xE2 _xcpm_idle instant reboot(c) Pike R. Alpha :: [OS: 10.15.1 | MatchOS: All | MatchBuild: no] ==> allowed by OS
147:128  0:000   - [01]: Disable panic kext logging on 10.13 release kernel (credit vit9696) :: [OS: 10.15.1 | MatchOS: 10.13.x | MatchBuild: no] ==> not allowed by OS
147:128  0:000   - [02]: Disable panic kext logging on 10.14 release kernel (credit vit9696) :: [OS: 10.15.1 | MatchOS: 10.14.x | MatchBuild: no] ==> not allowed by OS
147:128  0:000  Will not patch boot.efi
147:128  0:000  EmuVariable InstallEmulation: orig vars copied, emu.var.services installed, CreateEvent VirtualAddressChange = Success, CreateEvent ExitBootServices = Success, set Status=Success
147:145  0:016  === [ PatchSmbios ] =======================================
147:145  0:000  insert table 9 for dev 14:3
147:145  0:000  Table 11 present, but rewritten for us
147:145  0:000  Trusting SMBIOS...
147:145  0:000  Detected alternating SMBIOS channel banks
147:145  0:000  Channels: 2
147:145  0:000  Interleave: 0 2 1 3 4 6 5 7 8 10 9 11 12 14 13 15 16 18 17 19 20 22 21 23
147:145  0:000   partNum=RMSA3270ME86H9F-2666
147:145  0:000  SMBIOS Type 17 Index = 0 => 0 0:
147:145  0:000  BANK 0 DIMM0 2400MHz 4096MB
147:145  0:000   partNum=M471A5244CB0-CTD    
147:145  0:000  SMBIOS Type 17 Index = 1 => 1 2:
147:145  0:000  BANK 1 DIMM0 2400MHz 4096MB
147:145  0:000  mTotalSystemMemory = 8192
147:145  0:000  NumberOfMemoryDevices = 2
147:145  0:000  Type20[0]->End = 0x3FFFFF, Type17[0] = 0x1000
147:145  0:000  Type20[1]->End = 0x3FFFFF, Type17[1] = 0x3000
147:145  0:000  Table 131 is present, CPUType=31
147:145  0:000  Change to: 605
147:145  0:000  Table 133 is present, PlatformFeature=4F484B01
147:145  0:000  Change to: 2
147:145  0:000  === [ PatchACPI ] =========================================
147:145  0:000  Xsdt reallocation done
147:145  0:000  old FADT length=10C
147:145  0:000   SignatureFixup: 0xDEA7D364 -> 0x0
147:146  0:000  DSDT found in Clover volume OEM folder: EFI\CLOVER\ACPI\patched\DSDT.aml
147:148  0:001  Apply DsdtFixMask=0x00000000
147:148  0:000     drop _DSM mask=0x0000
147:148  0:000  === [ FixBiosDsdt ] =======================================
147:148  0:000  Patching DSDT:
147:148  0:000   - [change HDAS to HDEF]: pattern 48444153, patched at: [ (2B6) (12) (12) (6E8F) (76) (3F) (66) (93) (DB) (89) (239B3) (1D79) (AB3C) (8FCC) ]
147:149  0:000   - [change HECI to IMEI]: pattern 48454349, patched at: [ (124F3) (188E7) (22DA) ]
147:149  0:000   - [change MEI to IMEI]: pattern 4D45495F, bin not found / already patched!
147:149  0:000   - [change GFX0 to IGPU]: pattern 47465830, patched at: [ (1C8) (E) (12) (12) (12) (12) (12) (12) (12) (12) (12) (3974) (F3AA) (13) (AB) (27) (181) (12) (1D) (BC) (10) (42B1) (17) (20D9) (1B5F) (14) (F956) (1F2D) ]
147:150  0:000   - [change Method(GPRW,2,N) to XPRW, pair with SSDT-GPRW.aml]: pattern 47505257, patched at: [ (18D59) ]
147:150  0:000   - [change _OSI to XOSI, pair with SSDT-XOSI.aml]: pattern 5F4F5349, patched at: [ (18373) (3) (18) (1C) (1C) (1A) (18) (18) (18) (18) (10F1) ]
147:151  0:000    0 replacements
147:152  0:001  PreCleanup XSDT: count=26, length=244
147:152  0:000  PreCleanup XSDT, corrected XSDT: count=26, length=244
147:152  0:000  === [ ACPIPatchedAML ] ====================================
147:152  0:000  AutoMerge pass 1
147:152  0:000  Unsorted
147:152  0:000  Inserting SSDT-DDGPU.aml from EFI\CLOVER\ACPI\patched: ignore on pass 1
147:152  0:000  Inserting SSDT-OCBAT1-lenovoPRO13111.aml from EFI\CLOVER\ACPI\patched: ignore on pass 1
147:152  0:000  Inserting SSDT-I2C.aml from EFI\CLOVER\ACPI\patched: ignore on pass 1
147:152  0:000  Inserting SSDT-RTC_Y-AWAC-N.aml from EFI\CLOVER\ACPI\patched: ignore on pass 1
147:152  0:000  Inserting SSDT-GPRW.aml from EFI\CLOVER\ACPI\patched: ignore on pass 1
147:152  0:000  Inserting SSDT_NVMe-Pcc.aml from EFI\CLOVER\ACPI\patched: ignore on pass 1
147:152  0:000  Inserting SSDT-ALS0.aml from EFI\CLOVER\ACPI\patched: ignore on pass 1
147:152  0:000  Inserting SSDT-EC.aml from EFI\CLOVER\ACPI\patched: ignore on pass 1
147:152  0:000  Inserting SSDT-PNLF-CFL.aml from EFI\CLOVER\ACPI\patched: ignore on pass 1
147:152  0:000  === [ ACPIDropTables ] ====================================
147:152  0:000  Drop tables from XSDT, SIGN=DMAR TableID=EDK2     Length=168
147:152  0:000   Table[19]: DMAR  EDK2      168 dropped
147:152  0:000  Patching SSDT CB-01    Length=26553
147:152  0:000  0. [change HDAS to HDEF]: pattern 48444153, bin not found / already patched!
147:152  0:000  1. [change HECI to IMEI]: pattern 48454349, bin not found / already patched!
147:152  0:000  2. [change MEI to IMEI]: pattern 4D45495F, bin not found / already patched!
147:152  0:000  3. [change GFX0 to IGPU]: pattern 47465830, patched at: [ (E79) (16) (16) (16) (25E0) (15) (25) (14) (1F) (15) (22) (15) ]
147:152  0:000  4. [change Method(GPRW,2,N) to XPRW, pair with SSDT-GPRW.aml]: pattern 47505257, bin not found / already patched!
147:152  0:000  5. [change _OSI to XOSI, pair with SSDT-XOSI.aml]: pattern 5F4F5349, bin not found / already patched!
147:152  0:000    0 replacements
147:153  0:000  Patching SSDT CB-01    Length=6986
147:153  0:000  0. [change HDAS to HDEF]: pattern 48444153, bin not found / already patched!
147:153  0:000  1. [change HECI to IMEI]: pattern 48454349, bin not found / already patched!
147:153  0:000  2. [change MEI to IMEI]: pattern 4D45495F, bin not found / already patched!
147:153  0:000  3. [change GFX0 to IGPU]: pattern 47465830, bin not found / already patched!
147:153  0:000  4. [change Method(GPRW,2,N) to XPRW, pair with SSDT-GPRW.aml]: pattern 47505257, bin not found / already patched!
147:153  0:000  5. [change _OSI to XOSI, pair with SSDT-XOSI.aml]: pattern 5F4F5349, bin not found / already patched!
147:153  0:000    0 replacements
147:153  0:000  Found OperationRegion(PNVS, SystemMemory, 6FDD0000, ...)
147:153  0:000  Patching SSDT CB-01    Length=12895
147:153  0:000  0. [change HDAS to HDEF]: pattern 48444153, bin not found / already patched!
147:153  0:000  1. [change HECI to IMEI]: pattern 48454349, bin not found / already patched!
147:153  0:000  2. [change MEI to IMEI]: pattern 4D45495F, bin not found / already patched!
147:153  0:000  3. [change GFX0 to IGPU]: pattern 47465830, patched at: [ (2D) (3A) (53) (2C1) (1D26) (A3A) (1D) (6AF) ]
147:153  0:000  4. [change Method(GPRW,2,N) to XPRW, pair with SSDT-GPRW.aml]: pattern 47505257, bin not found / already patched!
147:153  0:000  5. [change _OSI to XOSI, pair with SSDT-XOSI.aml]: pattern 5F4F5349, bin not found / already patched!
147:153  0:000    0 replacements
147:153  0:000  Found OperationRegion(SANV, SystemMemory, 6FB8CD18, ...)
147:153  0:000  Patching SSDT CB-01    Length=2928
147:153  0:000  0. [change HDAS to HDEF]: pattern 48444153, bin not found / already patched!
147:153  0:000  1. [change HECI to IMEI]: pattern 48454349, bin not found / already patched!
147:153  0:000  2. [change MEI to IMEI]: pattern 4D45495F, bin not found / already patched!
147:153  0:000  3. [change GFX0 to IGPU]: pattern 47465830, bin not found / already patched!
147:153  0:000  4. [change Method(GPRW,2,N) to XPRW, pair with SSDT-GPRW.aml]: pattern 47505257, bin not found / already patched!
147:153  0:000  5. [change _OSI to XOSI, pair with SSDT-XOSI.aml]: pattern 5F4F5349, bin not found / already patched!
147:153  0:000    0 replacements
147:153  0:000  Patching SSDT CB-01    Length=5279
147:153  0:000  0. [change HDAS to HDEF]: pattern 48444153, bin not found / already patched!
147:153  0:000  1. [change HECI to IMEI]: pattern 48454349, bin not found / already patched!
147:153  0:000  2. [change MEI to IMEI]: pattern 4D45495F, bin not found / already patched!
147:153  0:000  3. [change GFX0 to IGPU]: pattern 47465830, bin not found / already patched!
147:153  0:000  4. [change Method(GPRW,2,N) to XPRW, pair with SSDT-GPRW.aml]: pattern 47505257, bin not found / already patched!
147:153  0:000  5. [change _OSI to XOSI, pair with SSDT-XOSI.aml]: pattern 5F4F5349, bin not found / already patched!
147:153  0:000    0 replacements
147:153  0:000  Patching SSDT CB-01    Length=12910
147:153  0:000  0. [change HDAS to HDEF]: pattern 48444153, bin not found / already patched!
147:153  0:000  1. [change HECI to IMEI]: pattern 48454349, bin not found / already patched!
147:153  0:000  2. [change MEI to IMEI]: pattern 4D45495F, bin not found / already patched!
147:153  0:000  3. [change GFX0 to IGPU]: pattern 47465830, bin not found / already patched!
147:153  0:000  4. [change Method(GPRW,2,N) to XPRW, pair with SSDT-GPRW.aml]: pattern 47505257, bin not found / already patched!
147:153  0:000  5. [change _OSI to XOSI, pair with SSDT-XOSI.aml]: pattern 5F4F5349, bin not found / already patched!
147:153  0:000    0 replacements
147:153  0:000  Patching SSDT CB-01    Length=4728
147:153  0:000  0. [change HDAS to HDEF]: pattern 48444153, bin not found / already patched!
147:153  0:000  1. [change HECI to IMEI]: pattern 48454349, bin not found / already patched!
147:153  0:000  2. [change MEI to IMEI]: pattern 4D45495F, bin not found / already patched!
147:153  0:000  3. [change GFX0 to IGPU]: pattern 47465830, bin not found / already patched!
147:153  0:000  4. [change Method(GPRW,2,N) to XPRW, pair with SSDT-GPRW.aml]: pattern 47505257, bin not found / already patched!
147:153  0:000  5. [change _OSI to XOSI, pair with SSDT-XOSI.aml]: pattern 5F4F5349, bin not found / already patched!
147:153  0:000    0 replacements
147:153  0:000  Patching SSDT NvdTable Length=12390
147:153  0:000  0. [change HDAS to HDEF]: pattern 48444153, bin not found / already patched!
147:153  0:000  1. [change HECI to IMEI]: pattern 48454349, bin not found / already patched!
147:153  0:000  2. [change MEI to IMEI]: pattern 4D45495F, bin not found / already patched!
147:153  0:000  3. [change GFX0 to IGPU]: pattern 47465830, patched at: [ (6C) (C6A) (334) (50) (2DD) (16CE) ]
147:153  0:000  4. [change Method(GPRW,2,N) to XPRW, pair with SSDT-GPRW.aml]: pattern 47505257, bin not found / already patched!
147:153  0:000  5. [change _OSI to XOSI, pair with SSDT-XOSI.aml]: pattern 5F4F5349, bin not found / already patched!
147:153  0:000    0 replacements
147:153  0:000  Found OperationRegion(HGOP, SystemMemory, 6ED6C018, ...)
147:153  0:000  Found OperationRegion(VBOR, SystemMemory, 6FB30018, ...)
147:153  0:000  Found OperationRegion(NOPR, SystemMemory, 6FB2D018, ...)
147:153  0:000  Patching SSDT SgRpSsdt Length=3902
147:153  0:000  0. [change HDAS to HDEF]: pattern 48444153, bin not found / already patched!
147:153  0:000  1. [change HECI to IMEI]: pattern 48454349, bin not found / already patched!
147:153  0:000  2. [change MEI to IMEI]: pattern 4D45495F, bin not found / already patched!
147:153  0:000  3. [change GFX0 to IGPU]: pattern 47465830, bin not found / already patched!
147:154  0:000  4. [change Method(GPRW,2,N) to XPRW, pair with SSDT-GPRW.aml]: pattern 47505257, bin not found / already patched!
147:154  0:000  5. [change _OSI to XOSI, pair with SSDT-XOSI.aml]: pattern 5F4F5349, bin not found / already patched!
147:154  0:000    0 replacements
147:154  0:000  Patching SSDT PcdTabl Length=356
147:154  0:000  0. [change HDAS to HDEF]: pattern 48444153, bin not found / already patched!
147:154  0:000  1. [change HECI to IMEI]: pattern 48454349, bin not found / already patched!
147:154  0:000  2. [change MEI to IMEI]: pattern 4D45495F, bin not found / already patched!
147:154  0:000  3. [change GFX0 to IGPU]: pattern 47465830, bin not found / already patched!
147:154  0:000  4. [change Method(GPRW,2,N) to XPRW, pair with SSDT-GPRW.aml]: pattern 47505257, bin not found / already patched!
147:154  0:000  5. [change _OSI to XOSI, pair with SSDT-XOSI.aml]: pattern 5F4F5349, bin not found / already patched!
147:154  0:000    0 replacements
147:154  0:000  Found OperationRegion(GPCD, SystemMemory, 6F32E000, ...)
147:154  0:000  Patching SSDT AhciTabl Length=92
147:154  0:000  0. [change HDAS to HDEF]: pattern 48444153, bin not found / already patched!
147:154  0:000  1. [change HECI to IMEI]: pattern 48454349, bin not found / already patched!
147:154  0:000  2. [change MEI to IMEI]: pattern 4D45495F, bin not found / already patched!
147:154  0:000  3. [change GFX0 to IGPU]: pattern 47465830, bin not found / already patched!
147:154  0:000  4. [change Method(GPRW,2,N) to XPRW, pair with SSDT-GPRW.aml]: pattern 47505257, bin not found / already patched!
147:154  0:000  5. [change _OSI to XOSI, pair with SSDT-XOSI.aml]: pattern 5F4F5349, bin not found / already patched!
147:154  0:000    0 replacements
147:154  0:000  === [ ACPIPatchedAML ] ====================================
147:154  0:000  AutoMerge pass 2
147:154  0:000  Unsorted
147:154  0:000  Inserting SSDT-DDGPU.aml from EFI\CLOVER\ACPI\patched: size=146 ... Success
147:154  0:000  Inserting SSDT-OCBAT1-lenovoPRO13111.aml from EFI\CLOVER\ACPI\patched: size=1216 ... Success
147:155  0:000  Inserting SSDT-I2C.aml from EFI\CLOVER\ACPI\patched: size=152 ... Success
147:156  0:000  Inserting SSDT-RTC_Y-AWAC-N.aml from EFI\CLOVER\ACPI\patched: size=71 ... Success
147:157  0:000  Inserting SSDT-GPRW.aml from EFI\CLOVER\ACPI\patched: size=134 ... Success
147:157  0:000  Inserting SSDT_NVMe-Pcc.aml from EFI\CLOVER\ACPI\patched: size=134 ... Success
147:158  0:000  Inserting SSDT-ALS0.aml from EFI\CLOVER\ACPI\patched: size=132 ... Success
147:158  0:000  Inserting SSDT-EC.aml from EFI\CLOVER\ACPI\patched: size=124 ... Success
147:158  0:000  Inserting SSDT-PNLF-CFL.aml from EFI\CLOVER\ACPI\patched: size=118 ... Success
147:159  0:000  ApicCPUNum=8
147:159  0:000  Maximum control=0x15
147:159  0:000  Turbo control=0x2A
147:159  0:000  P-States: min 0x4, max 0x2A
147:159  0:000  SSDT with plugin-type without P-States is generated
147:159  0:000  Cleanup XSDT: count=36, length=324
147:159  0:000  corrected XSDT count=35, length=316
147:159  0:000  === [ RestSetup macOS ] ===================================
147:159  0:000  EdidDiscovered size=128
147:159  0:000  --- Discovered EDID Table size:128
147:159  0:000  000  |  00  FF  FF  FF  FF  FF  FF  00  30  E4
147:159  0:000  010  |  E5  05  00  00  00  00  00  1C  01  04
147:159  0:000  020  |  A5  22  13  78  02  38  D5  97  5E  59
147:159  0:000  030  |  8E  27  1C  50  54  00  00  00  01  01
147:159  0:000  040  |  01  01  01  01  01  01  01  01  01  01
147:159  0:000  050  |  01  01  01  01  24  36  80  A0  70  38
147:159  0:000  060  |  1F  40  30  20  35  00  58  C2  10  00
147:159  0:000  070  |  00  19  00  00  00  00  00  00  00  00
147:159  0:000  080  |  00  00  00  00  00  00  00  00  00  00
147:159  0:000  090  |  00  00  00  FE  00  4C  47  20  44  69
147:159  0:000  100  |  73  70  6C  61  79  0A  20  20  00  00
147:159  0:000  110  |  00  FE  00  4C  50  31  35  36  57  46
147:159  0:000  120  |  43  2D  53  50  44  31  00  3E
147:159  0:000  add device: PciRoot(0x0)/Pci(0x2,0x0)
147:159  0:000     Add key=framebuffer-stolenmem valuelen=4
147:159  0:000     Add key=framebuffer-patch-enable valuelen=4
147:159  0:000     Add key=framebuffer-fbmem valuelen=4
147:159  0:000     Add key=framebuffer-con1-type valuelen=4
147:159  0:000     Add key=framebuffer-con1-preferred-lspcon-mode valuelen=4
147:159  0:000     Add key=framebuffer-con1-has-lspcon valuelen=4
147:159  0:000     Add key=framebuffer-con1-enable valuelen=4
147:159  0:000     Add key=framebuffer-con1-busid valuelen=4
147:159  0:000     Add key=enable-lspcon-support valuelen=4
147:159  0:000     Add key=enable-hdmi20 valuelen=4
147:159  0:000     Add key=disable-external-gpu valuelen=4
147:159  0:000     Add key=device-id valuelen=4
147:159  0:000     Add key=AAPL,ig-platform-id valuelen=4
147:159  0:000  add device: PciRoot(0x0)/Pci(0x1F,0x3)
147:159  0:000     Add key=layout-id valuelen=4
147:159  0:000     Add key=hda-gfx valuelen=10
147:159  0:000     Add key=device_type valuelen=13
147:159  0:000     Add key=AAPL,slot-name valuelen=16
147:159  0:000  Intel GFX injection not set
147:159  0:000  custom properties for device 01:00.00 injected
147:159  0:000   RCBA disabled; cannot use it
147:159  0:000  stringlength = 3036
147:159  0:000  CurrentMode: Width=1920 Height=1080
147:159  0:000  Beginning FSInjection
147:159  0:000   - ERROR: gFSInjectProtocolGuid not found!
147:159  0:000  Use origin smbios table type 1 guid.
147:160  0:000    Force kext: System\Library\Extensions\IONetworkingFamily.kext
147:175  0:015      Force PlugIn kext: System\Library\Extensions\IONetworkingFamily.kext\Contents\PlugIns\AppleEthernetAquantiaAqtion.kext
147:189  0:013      Force PlugIn kext: System\Library\Extensions\IONetworkingFamily.kext\Contents\PlugIns\AppleBCM5701Ethernet.kext
147:205  0:015      Force PlugIn kext: System\Library\Extensions\IONetworkingFamily.kext\Contents\PlugIns\AppleIntelI210Ethernet.kext
147:215  0:010      Force PlugIn kext: System\Library\Extensions\IONetworkingFamily.kext\Contents\PlugIns\Intel82574L.kext
147:227  0:011      Force PlugIn kext: System\Library\Extensions\IONetworkingFamily.kext\Contents\PlugIns\IOEthernetAVBController.kext
147:233  0:006      Force PlugIn kext: System\Library\Extensions\IONetworkingFamily.kext\Contents\PlugIns\AppleEthernetAquantiaAqtionFirmware.kext
147:244  0:010      Force PlugIn kext: System\Library\Extensions\IONetworkingFamily.kext\Contents\PlugIns\AppleIntel8254XEthernet.kext
147:253  0:009      Force PlugIn kext: System\Library\Extensions\IONetworkingFamily.kext\Contents\PlugIns\AppleVmxnet3Ethernet.kext
147:262  0:008      Force PlugIn kext: System\Library\Extensions\IONetworkingFamily.kext\Contents\PlugIns\mDNSOffloadUserClient.kext
147:269  0:007  Preparing kexts injection for arch=x86_64 from EFI\CLOVER\kexts\Other
147:269  0:000  Extra kext: EFI\CLOVER\kexts\Other\VoodooHDA.kext (v.2.9.2)
147:279  0:010  Extra kext: EFI\CLOVER\kexts\Other\VoodooI2CHID.kext (v.1)
147:296  0:016  Extra kext: EFI\CLOVER\kexts\Other\NoTouchID.kext (v.1.0.2)
147:305  0:009  Extra kext: EFI\CLOVER\kexts\Other\VoodooI2C.kext (v.2.2)
147:322  0:016    |-- PlugIn kext: EFI\CLOVER\kexts\Other\VoodooI2C.kext\Contents\PlugIns\VoodooI2CServices.kext (v.1)
147:330  0:008    |-- PlugIn kext: EFI\CLOVER\kexts\Other\VoodooI2C.kext\Contents\PlugIns\VoodooGPIO.kext (v.1.1)
147:341  0:010  Extra kext: EFI\CLOVER\kexts\Other\SMCBatteryManager.kext (v.1)
147:354  0:012  Extra kext: EFI\CLOVER\kexts\Other\CPUFriendDataProvider.kext (v.1.0.0)
147:373  0:019  Extra kext: EFI\CLOVER\kexts\Other\CPUFriend.kext (v.1.1.9)
147:385  0:012  Extra kext: EFI\CLOVER\kexts\Other\SMCLightSensor.kext (v.1)
147:396  0:011  Extra kext: EFI\CLOVER\kexts\Other\Lilu.kext (v.1.3.9)
147:408  0:011  Extra kext: EFI\CLOVER\kexts\Other\VoodooPS2Controller.kext (v.2.0.4)
147:422  0:013    |-- PlugIn kext: EFI\CLOVER\kexts\Other\VoodooPS2Controller.kext\Contents\PlugIns\VoodooPS2Keyboard.kext.dSYM (v.2.0.4)
147:424  0:002    |-- PlugIn kext: EFI\CLOVER\kexts\Other\VoodooPS2Controller.kext\Contents\PlugIns\VoodooPS2Keyboard.kext (v.2.0.4)
147:460  0:035  Extra kext: EFI\CLOVER\kexts\Other\AppleALC.kext (v.1.4.3)
148:204  0:744  Extra kext: EFI\CLOVER\kexts\Other\WhateverGreen.kext (v.1.3.4)
148:220  0:015  Extra kext: EFI\CLOVER\kexts\Other\VirtualSMC.kext (v.1.0.9)
148:257  0:036  Extra kext: EFI\CLOVER\kexts\Other\SMCSuperIO.kext (v.1.0.9)
148:271  0:013  Extra kext: EFI\CLOVER\kexts\Other\SMCProcessor.kext (v.1.0.9)
148:287  0:016  Custom boot screen not used because entry has unset use graphics
148:287  0:000  Closing log
